-------------------------------------------------------------------------------
Test set: com.zwo.xiyangyang.XiyangyangCoreApplicationTests
-------------------------------------------------------------------------------
Tests run: 1, Failures: 0, Errors: 1, Skipped: 0, Time elapsed: 0.97 s <<< FAILURE! - in com.zwo.xiyangyang.XiyangyangCoreApplicationTests
initializationError(com.zwo.xiyangyang.XiyangyangCoreApplicationTests)  Time elapsed: 0.011 s  <<< ERROR!
java.lang.IllegalStateException: Unable to find a @SpringBootConfiguration, you need to use @ContextConfiguration or @SpringBootTest(classes=...) with your test

