<?xml version="1.0" encoding="UTF-8"?>
<testsuite xmlns:xsi="http://www.w3.org/2001/XMLSchema-instance" xsi:noNamespaceSchemaLocation="https://maven.apache.org/surefire/maven-surefire-plugin/xsd/surefire-test-report.xsd" name="com.zwo.xiyangyang.XiyangyangCoreApplicationTests" time="0.97" tests="1" errors="1" skipped="0" failures="0">
  <properties>
[...]
</properties>
  <testcase name="initializationError" classname="com.zwo.xiyangyang.XiyangyangCoreApplicationTests" time="0.011">
    <error message="Unable to find a @SpringBootConfiguration, you need to use @ContextConfiguration or @SpringBootTest(classes=...) with your test" type="java.lang.IllegalStateException">java.lang.IllegalStateException: Unable to find a @SpringBootConfiguration, you need to use @ContextConfiguration or @SpringBootTest(classes=...) with your test
</error>
    <system-out><![CDATA[09:48:21.438 [main] DEBUG org.springframework.test.context.junit4.SpringJUnit4ClassRunner - SpringJUnit4ClassRunner constructor called with [class com.zwo.xiyangyang.XiyangyangCoreApplicationTests]
09:48:21.450 [main] DEBUG org.springframework.test.context.BootstrapUtils - Instantiating CacheAwareContextLoaderDelegate from class [org.springframework.test.context.cache.DefaultCacheAwareContextLoaderDelegate]
09:48:21.470 [main] DEBUG org.springframework.test.context.BootstrapUtils - Instantiating BootstrapContext using constructor [public org.springframework.test.context.support.DefaultBootstrapContext(java.lang.Class,org.springframework.test.context.CacheAwareContextLoaderDelegate)]
09:48:21.504 [main] DEBUG org.springframework.test.context.BootstrapUtils - Instantiating TestContextBootstrapper for test class [com.zwo.xiyangyang.XiyangyangCoreApplicationTests] from class [org.springframework.boot.test.context.SpringBootTestContextBootstrapper]
09:48:21.539 [main] INFO org.springframework.boot.test.context.SpringBootTestContextBootstrapper - Neither @ContextConfiguration nor @ContextHierarchy found for test class [com.zwo.xiyangyang.XiyangyangCoreApplicationTests], using SpringBootContextLoader
09:48:21.550 [main] DEBUG org.springframework.test.context.support.AbstractContextLoader - Did not detect default resource location for test class [com.zwo.xiyangyang.XiyangyangCoreApplicationTests]: class path resource [com/zwo/xiyangyang/XiyangyangCoreApplicationTests-context.xml] does not exist
09:48:21.553 [main] DEBUG org.springframework.test.context.support.AbstractContextLoader - Did not detect default resource location for test class [com.zwo.xiyangyang.XiyangyangCoreApplicationTests]: class path resource [com/zwo/xiyangyang/XiyangyangCoreApplicationTestsContext.groovy] does not exist
09:48:21.554 [main] INFO org.springframework.test.context.support.AbstractContextLoader - Could not detect default resource locations for test class [com.zwo.xiyangyang.XiyangyangCoreApplicationTests]: no resource found for suffixes {-context.xml, Context.groovy}.
09:48:21.555 [main] INFO org.springframework.test.context.support.AnnotationConfigContextLoaderUtils - Could not detect default configuration classes for test class [com.zwo.xiyangyang.XiyangyangCoreApplicationTests]: XiyangyangCoreApplicationTests does not declare any static, non-private, non-final, nested classes annotated with @Configuration.
09:48:21.658 [main] DEBUG org.springframework.test.context.support.ActiveProfilesUtils - Could not find an 'annotation declaring class' for annotation type [org.springframework.test.context.ActiveProfiles] and class [com.zwo.xiyangyang.XiyangyangCoreApplicationTests]
09:48:21.683 [main] DEBUG org.springframework.core.env.StandardEnvironment - Adding PropertySource 'systemProperties' with lowest search precedence
09:48:21.684 [main] DEBUG org.springframework.core.env.StandardEnvironment - Adding PropertySource 'systemEnvironment' with lowest search precedence
09:48:21.685 [main] DEBUG org.springframework.core.env.StandardEnvironment - Initialized StandardEnvironment with PropertySources [MapPropertySource@1027591600 {name='systemProperties', properties={java.runtime.name=Java(TM) SE Runtime Environment, sun.boot.library.path=C:\Program Files\Java\jdk1.8.0_65\jre\bin, java.vm.version=25.65-b01, java.vm.vendor=Oracle Corporation, java.vendor.url=http://java.oracle.com/, path.separator=;, java.vm.name=Java HotSpot(TM) 64-Bit Server VM, file.encoding.pkg=sun.io, user.country=CN, user.script=, sun.java.launcher=SUN_STANDARD, sun.os.patch.level=, java.vm.specification.name=Java Virtual Machine Specification, user.dir=C:\tony\workspace\xiyangyan-parent\xiyangyang-core, java.runtime.version=1.8.0_65-b17, basedir=C:\tony\workspace\xiyangyan-parent\xiyangyang-core, java.awt.graphicsenv=sun.awt.Win32GraphicsEnvironment, java.endorsed.dirs=C:\Program Files\Java\jdk1.8.0_65\jre\lib\endorsed, os.arch=amd64, surefire.real.class.path=C:\Users\FWDuser\AppData\Local\Temp\surefire9086958116420001938\surefirebooter9171775877199232018.jar, java.io.tmpdir=C:\Users\FWDuser\AppData\Local\Temp\, line.separator=
, java.vm.specification.vendor=Oracle Corporation, user.variant=, os.name=Windows 10, sun.jnu.encoding=GBK, java.library.path=C:\Program Files\Java\jdk1.8.0_65\jre\bin;C:\Windows\Sun\Java\bin;C:\Windows\system32;C:\Windows;C:/Program Files/Java/jre1.8.0_65/bin/server;C:/Program Files/Java/jre1.8.0_65/bin;C:/Program Files/Java/jre1.8.0_65/lib/amd64;C:\Python27\;C:\Python27\Scripts;C:\ProgramData\Oracle\Java\javapath;C:\Program Files (x86)\Intel\iCLS Client\;C:\Program Files\Intel\iCLS Client\;C:\Windows\system32;C:\Windows;C:\Windows\System32\Wbem;C:\Windows\System32\WindowsPowerShell\v1.0\;C:\Program Files (x86)\Intel\Intel(R) Management Engine Components\DAL;C:\Program Files\Intel\Intel(R) Management Engine Components\DAL;C:\Program Files (x86)\Intel\Intel(R) Management Engine Components\IPT;C:\Program Files\Intel\Intel(R) Management Engine Components\IPT;C:\Program Files\Intel\WiFi\bin\;C:\Program Files\Common Files\Intel\WirelessCommon\;C:\Program Files\Java\jdk1.8.0_65\bin;C:\Program Files\MySQL\MySQL Utilities 1.6\;C:\tony\nodejs\;C:\Users\FWDuser\AppData\Local\Android\android-sdk\platform-tools;C:\Users\FWDuser\AppData\Local\Android\android-sdk\tools;C:\tony\gradle-4.3.1\bin;C:\tony\sqlite;C:\Program Files (x86)\Microsoft Emulator Manager\1.0\;C:\ProgramData\chocolatey\bin;C:\Program Files\VisualSVN Server\bin;C:\Program Files\TortoiseSVN\bin;C:\Program Files\Microsoft SQL Server\Client SDK\ODBC\110\Tools\Binn\;C:\Program Files (x86)\Microsoft SQL Server\120\Tools\Binn\;C:\Program Files\Microsoft SQL Server\120\Tools\Binn\;C:\Program Files\Microsoft SQL Server\120\DTS\Binn\;C:\Program Files (x86)\Microsoft SQL Server\120\Tools\Binn\ManagementStudio\;C:\Program Files (x86)\Microsoft SQL Server\120\DTS\Binn\;C:\Users\FWDuser\AppData\Local\Microsoft\WindowsApps;C:\Users\FWDuser\AppData\Roaming\npm;C:\Users\FWDuser\AppData\Local\Programs\Git\cmd;C:\Program Files\Microsoft VS Code\bin;C:\tony\eclipse-oxygen\eclipse;;., surefire.test.class.path=C:\tony\workspace\xiyangyan-parent\xiyangyang-core\target\test-classes;C:\tony\workspace\xiyangyan-parent\xiyangyang-core\target\classes;C:\Users\FWDuser\.m2\repository\org\springframework\boot\spring-boot-starter-web\2.0.0.RELEASE\spring-boot-starter-web-2.0.0.RELEASE.jar;C:\Users\FWDuser\.m2\repository\org\springframework\boot\spring-boot-starter\2.0.0.RELEASE\spring-boot-starter-2.0.0.RELEASE.jar;C:\Users\FWDuser\.m2\repository\org\springframework\boot\spring-boot-starter-logging\2.0.0.RELEASE\spring-boot-starter-logging-2.0.0.RELEASE.jar;C:\Users\FWDuser\.m2\repository\ch\qos\logback\logback-classic\1.2.3\logback-classic-1.2.3.jar;C:\Users\FWDuser\.m2\repository\ch\qos\logback\logback-core\1.2.3\logback-core-1.2.3.jar;C:\Users\FWDuser\.m2\repository\org\apache\logging\log4j\log4j-to-slf4j\2.10.0\log4j-to-slf4j-2.10.0.jar;C:\Users\FWDuser\.m2\repository\org\apache\logging\log4j\log4j-api\2.10.0\log4j-api-2.10.0.jar;C:\Users\FWDuser\.m2\repository\org\slf4j\jul-to-slf4j\1.7.25\jul-to-slf4j-1.7.25.jar;C:\Users\FWDuser\.m2\repository\javax\annotation\javax.annotation-api\1.3.2\javax.annotation-api-1.3.2.jar;C:\Users\FWDuser\.m2\repository\org\yaml\snakeyaml\1.19\snakeyaml-1.19.jar;C:\Users\FWDuser\.m2\repository\org\springframework\boot\spring-boot-starter-json\2.0.0.RELEASE\spring-boot-starter-json-2.0.0.RELEASE.jar;C:\Users\FWDuser\.m2\repository\com\fasterxml\jackson\datatype\jackson-datatype-jdk8\2.9.4\jackson-datatype-jdk8-2.9.4.jar;C:\Users\FWDuser\.m2\repository\com\fasterxml\jackson\datatype\jackson-datatype-jsr310\2.9.4\jackson-datatype-jsr310-2.9.4.jar;C:\Users\FWDuser\.m2\repository\org\springframework\boot\spring-boot-starter-tomcat\2.0.0.RELEASE\spring-boot-starter-tomcat-2.0.0.RELEASE.jar;C:\Users\FWDuser\.m2\repository\org\apache\tomcat\embed\tomcat-embed-core\8.5.28\tomcat-embed-core-8.5.28.jar;C:\Users\FWDuser\.m2\repository\org\apache\tomcat\embed\tomcat-embed-el\8.5.28\tomcat-embed-el-8.5.28.jar;C:\Users\FWDuser\.m2\repository\org\apache\tomcat\embed\tomcat-embed-websocket\8.5.28\tomcat-embed-websocket-8.5.28.jar;C:\Users\FWDuser\.m2\repository\org\hibernate\validator\hibernate-validator\6.0.7.Final\hibernate-validator-6.0.7.Final.jar;C:\Users\FWDuser\.m2\repository\javax\validation\validation-api\2.0.1.Final\validation-api-2.0.1.Final.jar;C:\Users\FWDuser\.m2\repository\org\jboss\logging\jboss-logging\3.3.2.Final\jboss-logging-3.3.2.Final.jar;C:\Users\FWDuser\.m2\repository\com\fasterxml\classmate\1.3.4\classmate-1.3.4.jar;C:\Users\FWDuser\.m2\repository\org\springframework\spring-web\5.0.4.RELEASE\spring-web-5.0.4.RELEASE.jar;C:\Users\FWDuser\.m2\repository\org\springframework\spring-beans\5.0.4.RELEASE\spring-beans-5.0.4.RELEASE.jar;C:\Users\FWDuser\.m2\repository\org\springframework\spring-webmvc\5.0.4.RELEASE\spring-webmvc-5.0.4.RELEASE.jar;C:\Users\FWDuser\.m2\repository\org\springframework\spring-context\5.0.4.RELEASE\spring-context-5.0.4.RELEASE.jar;C:\Users\FWDuser\.m2\repository\org\springframework\spring-expression\5.0.4.RELEASE\spring-expression-5.0.4.RELEASE.jar;C:\Users\FWDuser\.m2\repository\org\springframework\boot\spring-boot-starter-jdbc\2.0.0.RELEASE\spring-boot-starter-jdbc-2.0.0.RELEASE.jar;C:\Users\FWDuser\.m2\repository\com\zaxxer\HikariCP\2.7.8\HikariCP-2.7.8.jar;C:\Users\FWDuser\.m2\repository\org\slf4j\slf4j-api\1.7.25\slf4j-api-1.7.25.jar;C:\Users\FWDuser\.m2\repository\org\springframework\spring-jdbc\5.0.4.RELEASE\spring-jdbc-5.0.4.RELEASE.jar;C:\Users\FWDuser\.m2\repository\org\springframework\spring-tx\5.0.4.RELEASE\spring-tx-5.0.4.RELEASE.jar;C:\Users\FWDuser\.m2\repository\org\springframework\boot\spring-boot-starter-aop\2.0.0.RELEASE\spring-boot-starter-aop-2.0.0.RELEASE.jar;C:\Users\FWDuser\.m2\repository\org\springframework\spring-aop\5.0.4.RELEASE\spring-aop-5.0.4.RELEASE.jar;C:\Users\FWDuser\.m2\repository\org\aspectj\aspectjweaver\1.8.13\aspectjweaver-1.8.13.jar;C:\Users\FWDuser\.m2\repository\org\springframework\boot\spring-boot-starter-freemarker\2.0.0.RELEASE\spring-boot-starter-freemarker-2.0.0.RELEASE.jar;C:\Users\FWDuser\.m2\repository\org\freemarker\freemarker\2.3.27-incubating\freemarker-2.3.27-incubating.jar;C:\Users\FWDuser\.m2\repository\org\springframework\spring-context-support\5.0.4.RELEASE\spring-context-support-5.0.4.RELEASE.jar;C:\Users\FWDuser\.m2\repository\org\springframework\boot\spring-boot-starter-test\2.0.0.RELEASE\spring-boot-starter-test-2.0.0.RELEASE.jar;C:\Users\FWDuser\.m2\repository\org\springframework\boot\spring-boot-test\2.0.0.RELEASE\spring-boot-test-2.0.0.RELEASE.jar;C:\Users\FWDuser\.m2\repository\org\springframework\boot\spring-boot-test-autoconfigure\2.0.0.RELEASE\spring-boot-test-autoconfigure-2.0.0.RELEASE.jar;C:\Users\FWDuser\.m2\repository\com\jayway\jsonpath\json-path\2.4.0\json-path-2.4.0.jar;C:\Users\FWDuser\.m2\repository\net\minidev\json-smart\2.3\json-smart-2.3.jar;C:\Users\FWDuser\.m2\repository\net\minidev\accessors-smart\1.2\accessors-smart-1.2.jar;C:\Users\FWDuser\.m2\repository\org\ow2\asm\asm\5.0.4\asm-5.0.4.jar;C:\Users\FWDuser\.m2\repository\junit\junit\4.12\junit-4.12.jar;C:\Users\FWDuser\.m2\repository\org\assertj\assertj-core\3.9.1\assertj-core-3.9.1.jar;C:\Users\FWDuser\.m2\repository\org\mockito\mockito-core\2.15.0\mockito-core-2.15.0.jar;C:\Users\FWDuser\.m2\repository\net\bytebuddy\byte-buddy\1.7.10\byte-buddy-1.7.10.jar;C:\Users\FWDuser\.m2\repository\net\bytebuddy\byte-buddy-agent\1.7.10\byte-buddy-agent-1.7.10.jar;C:\Users\FWDuser\.m2\repository\org\objenesis\objenesis\2.6\objenesis-2.6.jar;C:\Users\FWDuser\.m2\repository\org\hamcrest\hamcrest-core\1.3\hamcrest-core-1.3.jar;C:\Users\FWDuser\.m2\repository\org\hamcrest\hamcrest-library\1.3\hamcrest-library-1.3.jar;C:\Users\FWDuser\.m2\repository\org\skyscreamer\jsonassert\1.5.0\jsonassert-1.5.0.jar;C:\Users\FWDuser\.m2\repository\com\vaadin\external\google\android-json\0.0.20131108.vaadin1\android-json-0.0.20131108.vaadin1.jar;C:\Users\FWDuser\.m2\repository\org\springframework\spring-core\5.0.4.RELEASE\spring-core-5.0.4.RELEASE.jar;C:\Users\FWDuser\.m2\repository\org\springframework\spring-jcl\5.0.4.RELEASE\spring-jcl-5.0.4.RELEASE.jar;C:\Users\FWDuser\.m2\repository\org\springframework\spring-test\5.0.4.RELEASE\spring-test-5.0.4.RELEASE.jar;C:\Users\FWDuser\.m2\repository\org\xmlunit\xmlunit-core\2.5.1\xmlunit-core-2.5.1.jar;C:\Users\FWDuser\.m2\repository\org\springframework\boot\spring-boot-devtools\2.0.0.RELEASE\spring-boot-devtools-2.0.0.RELEASE.jar;C:\Users\FWDuser\.m2\repository\org\springframework\boot\spring-boot\2.0.0.RELEASE\spring-boot-2.0.0.RELEASE.jar;C:\Users\FWDuser\.m2\repository\org\springframework\boot\spring-boot-autoconfigure\2.0.0.RELEASE\spring-boot-autoconfigure-2.0.0.RELEASE.jar;C:\Users\FWDuser\.m2\repository\mysql\mysql-connector-java\5.1.45\mysql-connector-java-5.1.45.jar;C:\Users\FWDuser\.m2\repository\org\apache\httpcomponents\httpclient\4.5.5\httpclient-4.5.5.jar;C:\Users\FWDuser\.m2\repository\org\apache\httpcomponents\httpcore\4.4.9\httpcore-4.4.9.jar;C:\Users\FWDuser\.m2\repository\commons-codec\commons-codec\1.11\commons-codec-1.11.jar;C:\Users\FWDuser\.m2\repository\org\apache\commons\commons-collections4\4.1\commons-collections4-4.1.jar;C:\Users\FWDuser\.m2\repository\com\google\code\gson\gson\2.8.2\gson-2.8.2.jar;C:\Users\FWDuser\.m2\repository\com\fasterxml\jackson\core\jackson-core\2.9.4\jackson-core-2.9.4.jar;C:\Users\FWDuser\.m2\repository\com\fasterxml\jackson\core\jackson-databind\2.9.4\jackson-databind-2.9.4.jar;C:\Users\FWDuser\.m2\repository\com\fasterxml\jackson\core\jackson-annotations\2.9.0\jackson-annotations-2.9.0.jar;C:\Users\FWDuser\.m2\repository\com\fasterxml\jackson\datatype\jackson-datatype-joda\2.9.4\jackson-datatype-joda-2.9.4.jar;C:\Users\FWDuser\.m2\repository\joda-time\joda-time\2.9.9\joda-time-2.9.9.jar;C:\Users\FWDuser\.m2\repository\com\fasterxml\jackson\module\jackson-module-parameter-names\2.9.4\jackson-module-parameter-names-2.9.4.jar;C:\Users\FWDuser\.m2\repository\com\alibaba\druid\1.0.11\druid-1.0.11.jar;C:\Program Files\Java\jdk1.8.0_65\jre\..\lib\jconsole.jar;C:\Program Files\Java\jdk1.8.0_65\jre\..\lib\tools.jar;C:\Users\FWDuser\.m2\repository\org\mybatis\spring\boot\mybatis-spring-boot-starter\1.3.1\mybatis-spring-boot-starter-1.3.1.jar;C:\Users\FWDuser\.m2\repository\org\mybatis\spring\boot\mybatis-spring-boot-autoconfigure\1.3.1\mybatis-spring-boot-autoconfigure-1.3.1.jar;C:\Users\FWDuser\.m2\repository\org\mybatis\generator\mybatis-generator-core\1.3.2\mybatis-generator-core-1.3.2.jar;C:\Users\FWDuser\.m2\repository\org\mybatis\mybatis\3.3.1\mybatis-3.3.1.jar;C:\Users\FWDuser\.m2\repository\org\mybatis\mybatis-spring\1.2.4\mybatis-spring-1.2.4.jar;C:\Users\FWDuser\.m2\repository\tk\mybatis\mapper-spring-boot-starter\1.2.4\mapper-spring-boot-starter-1.2.4.jar;C:\Users\FWDuser\.m2\repository\tk\mybatis\mapper-spring-boot-autoconfigure\1.2.4\mapper-spring-boot-autoconfigure-1.2.4.jar;C:\Users\FWDuser\.m2\repository\tk\mybatis\mapper\3.5.3\mapper-3.5.3.jar;C:\Users\FWDuser\.m2\repository\javax\persistence\persistence-api\1.0\persistence-api-1.0.jar;C:\Users\FWDuser\.m2\repository\com\github\pagehelper\pagehelper-spring-boot-starter\1.2.3\pagehelper-spring-boot-starter-1.2.3.jar;C:\Users\FWDuser\.m2\repository\com\github\pagehelper\pagehelper-spring-boot-autoconfigure\1.2.3\pagehelper-spring-boot-autoconfigure-1.2.3.jar;C:\Users\FWDuser\.m2\repository\com\github\pagehelper\pagehelper\5.1.2\pagehelper-5.1.2.jar;C:\Users\FWDuser\.m2\repository\com\github\jsqlparser\jsqlparser\1.0\jsqlparser-1.0.jar;C:\Users\FWDuser\.m2\repository\org\springframework\boot\spring-boot-configuration-processor\2.0.0.RELEASE\spring-boot-configuration-processor-2.0.0.RELEASE.jar;C:\Users\FWDuser\.m2\repository\com\alibaba\druid-spring-boot-starter\1.1.0\druid-spring-boot-starter-1.1.0.jar;, java.specification.name=Java Platform API Specification, java.class.version=52.0, sun.management.compiler=HotSpot 64-Bit Tiered Compilers, os.version=10.0, user.home=C:\Users\FWDuser, user.timezone=Asia/Shanghai, java.awt.printerjob=sun.awt.windows.WPrinterJob, file.encoding=GBK, java.specification.version=1.8, java.class.path=C:\tony\workspace\xiyangyan-parent\xiyangyang-core\target\test-classes;C:\tony\workspace\xiyangyan-parent\xiyangyang-core\target\classes;C:\Users\FWDuser\.m2\repository\org\springframework\boot\spring-boot-starter-web\2.0.0.RELEASE\spring-boot-starter-web-2.0.0.RELEASE.jar;C:\Users\FWDuser\.m2\repository\org\springframework\boot\spring-boot-starter\2.0.0.RELEASE\spring-boot-starter-2.0.0.RELEASE.jar;C:\Users\FWDuser\.m2\repository\org\springframework\boot\spring-boot-starter-logging\2.0.0.RELEASE\spring-boot-starter-logging-2.0.0.RELEASE.jar;C:\Users\FWDuser\.m2\repository\ch\qos\logback\logback-classic\1.2.3\logback-classic-1.2.3.jar;C:\Users\FWDuser\.m2\repository\ch\qos\logback\logback-core\1.2.3\logback-core-1.2.3.jar;C:\Users\FWDuser\.m2\repository\org\apache\logging\log4j\log4j-to-slf4j\2.10.0\log4j-to-slf4j-2.10.0.jar;C:\Users\FWDuser\.m2\repository\org\apache\logging\log4j\log4j-api\2.10.0\log4j-api-2.10.0.jar;C:\Users\FWDuser\.m2\repository\org\slf4j\jul-to-slf4j\1.7.25\jul-to-slf4j-1.7.25.jar;C:\Users\FWDuser\.m2\repository\javax\annotation\javax.annotation-api\1.3.2\javax.annotation-api-1.3.2.jar;C:\Users\FWDuser\.m2\repository\org\yaml\snakeyaml\1.19\snakeyaml-1.19.jar;C:\Users\FWDuser\.m2\repository\org\springframework\boot\spring-boot-starter-json\2.0.0.RELEASE\spring-boot-starter-json-2.0.0.RELEASE.jar;C:\Users\FWDuser\.m2\repository\com\fasterxml\jackson\datatype\jackson-datatype-jdk8\2.9.4\jackson-datatype-jdk8-2.9.4.jar;C:\Users\FWDuser\.m2\repository\com\fasterxml\jackson\datatype\jackson-datatype-jsr310\2.9.4\jackson-datatype-jsr310-2.9.4.jar;C:\Users\FWDuser\.m2\repository\org\springframework\boot\spring-boot-starter-tomcat\2.0.0.RELEASE\spring-boot-starter-tomcat-2.0.0.RELEASE.jar;C:\Users\FWDuser\.m2\repository\org\apache\tomcat\embed\tomcat-embed-core\8.5.28\tomcat-embed-core-8.5.28.jar;C:\Users\FWDuser\.m2\repository\org\apache\tomcat\embed\tomcat-embed-el\8.5.28\tomcat-embed-el-8.5.28.jar;C:\Users\FWDuser\.m2\repository\org\apache\tomcat\embed\tomcat-embed-websocket\8.5.28\tomcat-embed-websocket-8.5.28.jar;C:\Users\FWDuser\.m2\repository\org\hibernate\validator\hibernate-validator\6.0.7.Final\hibernate-validator-6.0.7.Final.jar;C:\Users\FWDuser\.m2\repository\javax\validation\validation-api\2.0.1.Final\validation-api-2.0.1.Final.jar;C:\Users\FWDuser\.m2\repository\org\jboss\logging\jboss-logging\3.3.2.Final\jboss-logging-3.3.2.Final.jar;C:\Users\FWDuser\.m2\repository\com\fasterxml\classmate\1.3.4\classmate-1.3.4.jar;C:\Users\FWDuser\.m2\repository\org\springframework\spring-web\5.0.4.RELEASE\spring-web-5.0.4.RELEASE.jar;C:\Users\FWDuser\.m2\repository\org\springframework\spring-beans\5.0.4.RELEASE\spring-beans-5.0.4.RELEASE.jar;C:\Users\FWDuser\.m2\repository\org\springframework\spring-webmvc\5.0.4.RELEASE\spring-webmvc-5.0.4.RELEASE.jar;C:\Users\FWDuser\.m2\repository\org\springframework\spring-context\5.0.4.RELEASE\spring-context-5.0.4.RELEASE.jar;C:\Users\FWDuser\.m2\repository\org\springframework\spring-expression\5.0.4.RELEASE\spring-expression-5.0.4.RELEASE.jar;C:\Users\FWDuser\.m2\repository\org\springframework\boot\spring-boot-starter-jdbc\2.0.0.RELEASE\spring-boot-starter-jdbc-2.0.0.RELEASE.jar;C:\Users\FWDuser\.m2\repository\com\zaxxer\HikariCP\2.7.8\HikariCP-2.7.8.jar;C:\Users\FWDuser\.m2\repository\org\slf4j\slf4j-api\1.7.25\slf4j-api-1.7.25.jar;C:\Users\FWDuser\.m2\repository\org\springframework\spring-jdbc\5.0.4.RELEASE\spring-jdbc-5.0.4.RELEASE.jar;C:\Users\FWDuser\.m2\repository\org\springframework\spring-tx\5.0.4.RELEASE\spring-tx-5.0.4.RELEASE.jar;C:\Users\FWDuser\.m2\repository\org\springframework\boot\spring-boot-starter-aop\2.0.0.RELEASE\spring-boot-starter-aop-2.0.0.RELEASE.jar;C:\Users\FWDuser\.m2\repository\org\springframework\spring-aop\5.0.4.RELEASE\spring-aop-5.0.4.RELEASE.jar;C:\Users\FWDuser\.m2\repository\org\aspectj\aspectjweaver\1.8.13\aspectjweaver-1.8.13.jar;C:\Users\FWDuser\.m2\repository\org\springframework\boot\spring-boot-starter-freemarker\2.0.0.RELEASE\spring-boot-starter-freemarker-2.0.0.RELEASE.jar;C:\Users\FWDuser\.m2\repository\org\freemarker\freemarker\2.3.27-incubating\freemarker-2.3.27-incubating.jar;C:\Users\FWDuser\.m2\repository\org\springframework\spring-context-support\5.0.4.RELEASE\spring-context-support-5.0.4.RELEASE.jar;C:\Users\FWDuser\.m2\repository\org\springframework\boot\spring-boot-starter-test\2.0.0.RELEASE\spring-boot-starter-test-2.0.0.RELEASE.jar;C:\Users\FWDuser\.m2\repository\org\springframework\boot\spring-boot-test\2.0.0.RELEASE\spring-boot-test-2.0.0.RELEASE.jar;C:\Users\FWDuser\.m2\repository\org\springframework\boot\spring-boot-test-autoconfigure\2.0.0.RELEASE\spring-boot-test-autoconfigure-2.0.0.RELEASE.jar;C:\Users\FWDuser\.m2\repository\com\jayway\jsonpath\json-path\2.4.0\json-path-2.4.0.jar;C:\Users\FWDuser\.m2\repository\net\minidev\json-smart\2.3\json-smart-2.3.jar;C:\Users\FWDuser\.m2\repository\net\minidev\accessors-smart\1.2\accessors-smart-1.2.jar;C:\Users\FWDuser\.m2\repository\org\ow2\asm\asm\5.0.4\asm-5.0.4.jar;C:\Users\FWDuser\.m2\repository\junit\junit\4.12\junit-4.12.jar;C:\Users\FWDuser\.m2\repository\org\assertj\assertj-core\3.9.1\assertj-core-3.9.1.jar;C:\Users\FWDuser\.m2\repository\org\mockito\mockito-core\2.15.0\mockito-core-2.15.0.jar;C:\Users\FWDuser\.m2\repository\net\bytebuddy\byte-buddy\1.7.10\byte-buddy-1.7.10.jar;C:\Users\FWDuser\.m2\repository\net\bytebuddy\byte-buddy-agent\1.7.10\byte-buddy-agent-1.7.10.jar;C:\Users\FWDuser\.m2\repository\org\objenesis\objenesis\2.6\objenesis-2.6.jar;C:\Users\FWDuser\.m2\repository\org\hamcrest\hamcrest-core\1.3\hamcrest-core-1.3.jar;C:\Users\FWDuser\.m2\repository\org\hamcrest\hamcrest-library\1.3\hamcrest-library-1.3.jar;C:\Users\FWDuser\.m2\repository\org\skyscreamer\jsonassert\1.5.0\jsonassert-1.5.0.jar;C:\Users\FWDuser\.m2\repository\com\vaadin\external\google\android-json\0.0.20131108.vaadin1\android-json-0.0.20131108.vaadin1.jar;C:\Users\FWDuser\.m2\repository\org\springframework\spring-core\5.0.4.RELEASE\spring-core-5.0.4.RELEASE.jar;C:\Users\FWDuser\.m2\repository\org\springframework\spring-jcl\5.0.4.RELEASE\spring-jcl-5.0.4.RELEASE.jar;C:\Users\FWDuser\.m2\repository\org\springframework\spring-test\5.0.4.RELEASE\spring-test-5.0.4.RELEASE.jar;C:\Users\FWDuser\.m2\repository\org\xmlunit\xmlunit-core\2.5.1\xmlunit-core-2.5.1.jar;C:\Users\FWDuser\.m2\repository\org\springframework\boot\spring-boot-devtools\2.0.0.RELEASE\spring-boot-devtools-2.0.0.RELEASE.jar;C:\Users\FWDuser\.m2\repository\org\springframework\boot\spring-boot\2.0.0.RELEASE\spring-boot-2.0.0.RELEASE.jar;C:\Users\FWDuser\.m2\repository\org\springframework\boot\spring-boot-autoconfigure\2.0.0.RELEASE\spring-boot-autoconfigure-2.0.0.RELEASE.jar;C:\Users\FWDuser\.m2\repository\mysql\mysql-connector-java\5.1.45\mysql-connector-java-5.1.45.jar;C:\Users\FWDuser\.m2\repository\org\apache\httpcomponents\httpclient\4.5.5\httpclient-4.5.5.jar;C:\Users\FWDuser\.m2\repository\org\apache\httpcomponents\httpcore\4.4.9\httpcore-4.4.9.jar;C:\Users\FWDuser\.m2\repository\commons-codec\commons-codec\1.11\commons-codec-1.11.jar;C:\Users\FWDuser\.m2\repository\org\apache\commons\commons-collections4\4.1\commons-collections4-4.1.jar;C:\Users\FWDuser\.m2\repository\com\google\code\gson\gson\2.8.2\gson-2.8.2.jar;C:\Users\FWDuser\.m2\repository\com\fasterxml\jackson\core\jackson-core\2.9.4\jackson-core-2.9.4.jar;C:\Users\FWDuser\.m2\repository\com\fasterxml\jackson\core\jackson-databind\2.9.4\jackson-databind-2.9.4.jar;C:\Users\FWDuser\.m2\repository\com\fasterxml\jackson\core\jackson-annotations\2.9.0\jackson-annotations-2.9.0.jar;C:\Users\FWDuser\.m2\repository\com\fasterxml\jackson\datatype\jackson-datatype-joda\2.9.4\jackson-datatype-joda-2.9.4.jar;C:\Users\FWDuser\.m2\repository\joda-time\joda-time\2.9.9\joda-time-2.9.9.jar;C:\Users\FWDuser\.m2\repository\com\fasterxml\jackson\module\jackson-module-parameter-names\2.9.4\jackson-module-parameter-names-2.9.4.jar;C:\Users\FWDuser\.m2\repository\com\alibaba\druid\1.0.11\druid-1.0.11.jar;C:\Program Files\Java\jdk1.8.0_65\jre\..\lib\jconsole.jar;C:\Program Files\Java\jdk1.8.0_65\jre\..\lib\tools.jar;C:\Users\FWDuser\.m2\repository\org\mybatis\spring\boot\mybatis-spring-boot-starter\1.3.1\mybatis-spring-boot-starter-1.3.1.jar;C:\Users\FWDuser\.m2\repository\org\mybatis\spring\boot\mybatis-spring-boot-autoconfigure\1.3.1\mybatis-spring-boot-autoconfigure-1.3.1.jar;C:\Users\FWDuser\.m2\repository\org\mybatis\generator\mybatis-generator-core\1.3.2\mybatis-generator-core-1.3.2.jar;C:\Users\FWDuser\.m2\repository\org\mybatis\mybatis\3.3.1\mybatis-3.3.1.jar;C:\Users\FWDuser\.m2\repository\org\mybatis\mybatis-spring\1.2.4\mybatis-spring-1.2.4.jar;C:\Users\FWDuser\.m2\repository\tk\mybatis\mapper-spring-boot-starter\1.2.4\mapper-spring-boot-starter-1.2.4.jar;C:\Users\FWDuser\.m2\repository\tk\mybatis\mapper-spring-boot-autoconfigure\1.2.4\mapper-spring-boot-autoconfigure-1.2.4.jar;C:\Users\FWDuser\.m2\repository\tk\mybatis\mapper\3.5.3\mapper-3.5.3.jar;C:\Users\FWDuser\.m2\repository\javax\persistence\persistence-api\1.0\persistence-api-1.0.jar;C:\Users\FWDuser\.m2\repository\com\github\pagehelper\pagehelper-spring-boot-starter\1.2.3\pagehelper-spring-boot-starter-1.2.3.jar;C:\Users\FWDuser\.m2\repository\com\github\pagehelper\pagehelper-spring-boot-autoconfigure\1.2.3\pagehelper-spring-boot-autoconfigure-1.2.3.jar;C:\Users\FWDuser\.m2\repository\com\github\pagehelper\pagehelper\5.1.2\pagehelper-5.1.2.jar;C:\Users\FWDuser\.m2\repository\com\github\jsqlparser\jsqlparser\1.0\jsqlparser-1.0.jar;C:\Users\FWDuser\.m2\repository\org\springframework\boot\spring-boot-configuration-processor\2.0.0.RELEASE\spring-boot-configuration-processor-2.0.0.RELEASE.jar;C:\Users\FWDuser\.m2\repository\com\alibaba\druid-spring-boot-starter\1.1.0\druid-spring-boot-starter-1.1.0.jar;, user.name=FWDuser, java.vm.specification.version=1.8, sun.java.command=C:\Users\FWDuser\AppData\Local\Temp\surefire9086958116420001938\surefirebooter9171775877199232018.jar C:\Users\FWDuser\AppData\Local\Temp\surefire9086958116420001938 2018-03-19T09-48-19_217-jvmRun1 surefire3142362840550513588tmp surefire_04748031421323490540tmp, java.home=C:\Program Files\Java\jdk1.8.0_65\jre, sun.arch.data.model=64, user.language=zh, java.specification.vendor=Oracle Corporation, awt.toolkit=sun.awt.windows.WToolkit, java.vm.info=mixed mode, java.version=1.8.0_65, java.ext.dirs=C:\Program Files\Java\jdk1.8.0_65\jre\lib\ext;C:\Windows\Sun\Java\lib\ext, sun.boot.class.path=C:\Program Files\Java\jdk1.8.0_65\jre\lib\resources.jar;C:\Program Files\Java\jdk1.8.0_65\jre\lib\rt.jar;C:\Program Files\Java\jdk1.8.0_65\jre\lib\sunrsasign.jar;C:\Program Files\Java\jdk1.8.0_65\jre\lib\jsse.jar;C:\Program Files\Java\jdk1.8.0_65\jre\lib\jce.jar;C:\Program Files\Java\jdk1.8.0_65\jre\lib\charsets.jar;C:\Program Files\Java\jdk1.8.0_65\jre\lib\jfr.jar;C:\Program Files\Java\jdk1.8.0_65\jre\classes, java.vendor=Oracle Corporation, localRepository=C:\Users\FWDuser\.m2\repository, file.separator=\, java.vendor.url.bug=http://bugreport.sun.com/bugreport/, sun.io.unicode.encoding=UnicodeLittle, sun.cpu.endian=little, sun.desktop=windows, sun.cpu.isalist=amd64}}, SystemEnvironmentPropertySource@1678854096 {name='systemEnvironment', properties={PATH=C:/Program Files/Java/jre1.8.0_65/bin/server;C:/Program Files/Java/jre1.8.0_65/bin;C:/Program Files/Java/jre1.8.0_65/lib/amd64;C:\Python27\;C:\Python27\Scripts;C:\ProgramData\Oracle\Java\javapath;C:\Program Files (x86)\Intel\iCLS Client\;C:\Program Files\Intel\iCLS Client\;C:\Windows\system32;C:\Windows;C:\Windows\System32\Wbem;C:\Windows\System32\WindowsPowerShell\v1.0\;C:\Program Files (x86)\Intel\Intel(R) Management Engine Components\DAL;C:\Program Files\Intel\Intel(R) Management Engine Components\DAL;C:\Program Files (x86)\Intel\Intel(R) Management Engine Components\IPT;C:\Program Files\Intel\Intel(R) Management Engine Components\IPT;C:\Program Files\Intel\WiFi\bin\;C:\Program Files\Common Files\Intel\WirelessCommon\;C:\Program Files\Java\jdk1.8.0_65\bin;C:\Program Files\MySQL\MySQL Utilities 1.6\;C:\tony\nodejs\;C:\Users\FWDuser\AppData\Local\Android\android-sdk\platform-tools;C:\Users\FWDuser\AppData\Local\Android\android-sdk\tools;C:\tony\gradle-4.3.1\bin;C:\tony\sqlite;C:\Program Files (x86)\Microsoft Emulator Manager\1.0\;C:\ProgramData\chocolatey\bin;C:\Program Files\VisualSVN Server\bin;C:\Program Files\TortoiseSVN\bin;C:\Program Files\Microsoft SQL Server\Client SDK\ODBC\110\Tools\Binn\;C:\Program Files (x86)\Microsoft SQL Server\120\Tools\Binn\;C:\Program Files\Microsoft SQL Server\120\Tools\Binn\;C:\Program Files\Microsoft SQL Server\120\DTS\Binn\;C:\Program Files (x86)\Microsoft SQL Server\120\Tools\Binn\ManagementStudio\;C:\Program Files (x86)\Microsoft SQL Server\120\DTS\Binn\;C:\Users\FWDuser\AppData\Local\Microsoft\WindowsApps;C:\Users\FWDuser\AppData\Roaming\npm;C:\Users\FWDuser\AppData\Local\Programs\Git\cmd;C:\Program Files\Microsoft VS Code\bin;C:\tony\eclipse-oxygen\eclipse;, USERDOMAIN_ROAMINGPROFILE=DESKTOP-QQK04AQ, LOCALAPPDATA=C:\Users\FWDuser\AppData\Local, PROCESSOR_LEVEL=6, SYSTEMDRIVE=C:, COMMONPROGRAMFILES(X86)=C:\Program Files (x86)\Common Files, USERDOMAIN=DESKTOP-QQK04AQ, FPS_BROWSER_APP_PROFILE_STRING=Internet Explorer, LOGONSERVER=\\DESKTOP-QQK04AQ, JAVA_HOME=C:\Program Files\Java\jdk1.8.0_65, PROMPT=$P$G, SESSIONNAME=Console, ALLUSERSPROFILE=C:\ProgramData, PROGRAMFILES(X86)=C:\Program Files (x86), PROCESSOR_ARCHITECTURE=AMD64, ANDROID_HOME=C:\Users\FWDuser\AppData\Local\Android\android-sdk, DEFLOGDIR=C:\ProgramData\McAfee\DesktopProtection, PROGRAMFILES=C:\Program Files, =C:=C:\tony\workspace\xiyangyan-parent\xiyangyang-core, APPDATA=C:\Users\FWDuser\AppData\Roaming, PSMODULEPATH=C:\Program Files\WindowsPowerShell\Modules;C:\Windows\system32\WindowsPowerShell\v1.0\Modules;C:\Program Files\Intel\;C:\Program Files\VisualSVN Server\PowerShellModules;C:\Program Files (x86)\Microsoft SQL Server\120\Tools\PowerShell\Modules\, PROGRAMW6432=C:\Program Files, PROGRAMDATA=C:\ProgramData, SYSTEMROOT=C:\Windows, CHOCOLATEYINSTALL=C:\ProgramData\chocolatey, USERNAME=FWDuser, VSEDEFLOGDIR=C:\ProgramData\McAfee\DesktopProtection, VISUALSVN_SERVER=C:\Program Files\VisualSVN Server\, FPS_BROWSER_USER_PROFILE_STRING=Default, ONEDRIVE=C:\Users\FWDuser\OneDrive, PATHEXT=.COM;.EXE;.BAT;.CMD;.VBS;.VBE;.JS;.JSE;.WSF;.WSH;.MSC, OS=Windows_NT, COMMONPROGRAMW6432=C:\Program Files\Common Files, COMPUTERNAME=DESKTOP-QQK04AQ, COMMONPROGRAMFILES=C:\Program Files\Common Files, COMSPEC=C:\Windows\system32\cmd.exe, PROCESSOR_REVISION=8e09, CLASSPATH=.;C:\Program Files\Java\jdk1.8.0_65\lib;, WINDIR=C:\Windows, HOMEPATH=\Users\FWDuser, TEMP=C:\Users\FWDuser\AppData\Local\Temp, HOMEDRIVE=C:, PROCESSOR_IDENTIFIER=Intel64 Family 6 Model 142 Stepping 9, GenuineIntel, USERPROFILE=C:\Users\FWDuser, TMP=C:\Users\FWDuser\AppData\Local\Temp, PUBLIC=C:\Users\Public, NUMBER_OF_PROCESSORS=4, =::=::\}}]
09:48:21.718 [main] DEBUG org.springframework.core.io.support.PathMatchingResourcePatternResolver - Resolved classpath location [com/zwo/xiyangyang/] to resources [URL [file:/C:/tony/workspace/xiyangyan-parent/xiyangyang-core/target/test-classes/com/zwo/xiyangyang/], URL [file:/C:/tony/workspace/xiyangyan-parent/xiyangyang-core/target/classes/com/zwo/xiyangyang/]]
09:48:21.719 [main] DEBUG org.springframework.core.io.support.PathMatchingResourcePatternResolver - Looking for matching resources in directory tree [C:\tony\workspace\xiyangyan-parent\xiyangyang-core\target\test-classes\com\zwo\xiyangyang]
09:48:21.720 [main] DEBUG org.springframework.core.io.support.PathMatchingResourcePatternResolver - Searching directory [C:\tony\workspace\xiyangyan-parent\xiyangyang-core\target\test-classes\com\zwo\xiyangyang] for files matching pattern [C:/tony/workspace/xiyangyan-parent/xiyangyang-core/target/test-classes/com/zwo/xiyangyang/*.class]
09:48:21.726 [main] DEBUG org.springframework.core.io.support.PathMatchingResourcePatternResolver - Looking for matching resources in directory tree [C:\tony\workspace\xiyangyan-parent\xiyangyang-core\target\classes\com\zwo\xiyangyang]
09:48:21.728 [main] DEBUG org.springframework.core.io.support.PathMatchingResourcePatternResolver - Searching directory [C:\tony\workspace\xiyangyan-parent\xiyangyang-core\target\classes\com\zwo\xiyangyang] for files matching pattern [C:/tony/workspace/xiyangyan-parent/xiyangyang-core/target/classes/com/zwo/xiyangyang/*.class]
09:48:21.729 [main] DEBUG org.springframework.core.io.support.PathMatchingResourcePatternResolver - Resolved location pattern [classpath*:com/zwo/xiyangyang/*.class] to resources [file [C:\tony\workspace\xiyangyan-parent\xiyangyang-core\target\test-classes\com\zwo\xiyangyang\XiyangyangCoreApplicationTests.class]]
09:48:21.786 [main] DEBUG org.springframework.core.io.support.PathMatchingResourcePatternResolver - Resolved classpath location [com/zwo/] to resources [URL [file:/C:/tony/workspace/xiyangyan-parent/xiyangyang-core/target/test-classes/com/zwo/], URL [file:/C:/tony/workspace/xiyangyan-parent/xiyangyang-core/target/classes/com/zwo/]]
09:48:21.786 [main] DEBUG org.springframework.core.io.support.PathMatchingResourcePatternResolver - Looking for matching resources in directory tree [C:\tony\workspace\xiyangyan-parent\xiyangyang-core\target\test-classes\com\zwo]
09:48:21.787 [main] DEBUG org.springframework.core.io.support.PathMatchingResourcePatternResolver - Searching directory [C:\tony\workspace\xiyangyan-parent\xiyangyang-core\target\test-classes\com\zwo] for files matching pattern [C:/tony/workspace/xiyangyan-parent/xiyangyang-core/target/test-classes/com/zwo/*.class]
09:48:21.789 [main] DEBUG org.springframework.core.io.support.PathMatchingResourcePatternResolver - Looking for matching resources in directory tree [C:\tony\workspace\xiyangyan-parent\xiyangyang-core\target\classes\com\zwo]
09:48:21.789 [main] DEBUG org.springframework.core.io.support.PathMatchingResourcePatternResolver - Searching directory [C:\tony\workspace\xiyangyan-parent\xiyangyang-core\target\classes\com\zwo] for files matching pattern [C:/tony/workspace/xiyangyan-parent/xiyangyang-core/target/classes/com/zwo/*.class]
09:48:21.790 [main] DEBUG org.springframework.core.io.support.PathMatchingResourcePatternResolver - Resolved location pattern [classpath*:com/zwo/*.class] to resources []
09:48:21.792 [main] DEBUG org.springframework.core.io.support.PathMatchingResourcePatternResolver - Resolved classpath location [com/] to resources [URL [file:/C:/tony/workspace/xiyangyan-parent/xiyangyang-core/target/test-classes/com/], URL [file:/C:/tony/workspace/xiyangyan-parent/xiyangyang-core/target/classes/com/], URL [jar:file:/C:/Users/FWDuser/.m2/repository/com/fasterxml/jackson/datatype/jackson-datatype-jdk8/2.9.4/jackson-datatype-jdk8-2.9.4.jar!/com/], URL [jar:file:/C:/Users/FWDuser/.m2/repository/com/fasterxml/jackson/datatype/jackson-datatype-jsr310/2.9.4/jackson-datatype-jsr310-2.9.4.jar!/com/], URL [jar:file:/C:/Users/FWDuser/.m2/repository/com/fasterxml/classmate/1.3.4/classmate-1.3.4.jar!/com/], URL [jar:file:/C:/Users/FWDuser/.m2/repository/com/zaxxer/HikariCP/2.7.8/HikariCP-2.7.8.jar!/com/], URL [jar:file:/C:/Users/FWDuser/.m2/repository/com/jayway/jsonpath/json-path/2.4.0/json-path-2.4.0.jar!/com/], URL [jar:file:/C:/Users/FWDuser/.m2/repository/mysql/mysql-connector-java/5.1.45/mysql-connector-java-5.1.45.jar!/com/], URL [jar:file:/C:/Users/FWDuser/.m2/repository/com/google/code/gson/gson/2.8.2/gson-2.8.2.jar!/com/], URL [jar:file:/C:/Users/FWDuser/.m2/repository/com/fasterxml/jackson/core/jackson-core/2.9.4/jackson-core-2.9.4.jar!/com/], URL [jar:file:/C:/Users/FWDuser/.m2/repository/com/fasterxml/jackson/core/jackson-databind/2.9.4/jackson-databind-2.9.4.jar!/com/], URL [jar:file:/C:/Users/FWDuser/.m2/repository/com/fasterxml/jackson/core/jackson-annotations/2.9.0/jackson-annotations-2.9.0.jar!/com/], URL [jar:file:/C:/Users/FWDuser/.m2/repository/com/fasterxml/jackson/datatype/jackson-datatype-joda/2.9.4/jackson-datatype-joda-2.9.4.jar!/com/], URL [jar:file:/C:/Users/FWDuser/.m2/repository/com/fasterxml/jackson/module/jackson-module-parameter-names/2.9.4/jackson-module-parameter-names-2.9.4.jar!/com/], URL [jar:file:/C:/Users/FWDuser/.m2/repository/com/alibaba/druid/1.0.11/druid-1.0.11.jar!/com/], URL [jar:file:/C:/Users/FWDuser/.m2/repository/com/github/pagehelper/pagehelper-spring-boot-autoconfigure/1.2.3/pagehelper-spring-boot-autoconfigure-1.2.3.jar!/com/], URL [jar:file:/C:/Users/FWDuser/.m2/repository/com/github/pagehelper/pagehelper/5.1.2/pagehelper-5.1.2.jar!/com/], URL [jar:file:/C:/Users/FWDuser/.m2/repository/com/alibaba/druid-spring-boot-starter/1.1.0/druid-spring-boot-starter-1.1.0.jar!/com/]]
09:48:21.792 [main] DEBUG org.springframework.core.io.support.PathMatchingResourcePatternResolver - Looking for matching resources in directory tree [C:\tony\workspace\xiyangyan-parent\xiyangyang-core\target\test-classes\com]
09:48:21.793 [main] DEBUG org.springframework.core.io.support.PathMatchingResourcePatternResolver - Searching directory [C:\tony\workspace\xiyangyan-parent\xiyangyang-core\target\test-classes\com] for files matching pattern [C:/tony/workspace/xiyangyan-parent/xiyangyang-core/target/test-classes/com/*.class]
09:48:21.794 [main] DEBUG org.springframework.core.io.support.PathMatchingResourcePatternResolver - Looking for matching resources in directory tree [C:\tony\workspace\xiyangyan-parent\xiyangyang-core\target\classes\com]
09:48:21.794 [main] DEBUG org.springframework.core.io.support.PathMatchingResourcePatternResolver - Searching directory [C:\tony\workspace\xiyangyan-parent\xiyangyang-core\target\classes\com] for files matching pattern [C:/tony/workspace/xiyangyan-parent/xiyangyang-core/target/classes/com/*.class]
09:48:21.796 [main] DEBUG org.springframework.core.io.support.PathMatchingResourcePatternResolver - Looking for matching resources in jar file [file:/C:/Users/FWDuser/.m2/repository/com/fasterxml/jackson/datatype/jackson-datatype-jdk8/2.9.4/jackson-datatype-jdk8-2.9.4.jar]
09:48:21.797 [main] DEBUG org.springframework.core.io.support.PathMatchingResourcePatternResolver - Looking for matching resources in jar file [file:/C:/Users/FWDuser/.m2/repository/com/fasterxml/jackson/datatype/jackson-datatype-jsr310/2.9.4/jackson-datatype-jsr310-2.9.4.jar]
09:48:21.800 [main] DEBUG org.springframework.core.io.support.PathMatchingResourcePatternResolver - Looking for matching resources in jar file [file:/C:/Users/FWDuser/.m2/repository/com/fasterxml/classmate/1.3.4/classmate-1.3.4.jar]
09:48:21.804 [main] DEBUG org.springframework.core.io.support.PathMatchingResourcePatternResolver - Looking for matching resources in jar file [file:/C:/Users/FWDuser/.m2/repository/com/zaxxer/HikariCP/2.7.8/HikariCP-2.7.8.jar]
09:48:21.810 [main] DEBUG org.springframework.core.io.support.PathMatchingResourcePatternResolver - Looking for matching resources in jar file [file:/C:/Users/FWDuser/.m2/repository/com/jayway/jsonpath/json-path/2.4.0/json-path-2.4.0.jar]
09:48:21.812 [main] DEBUG org.springframework.core.io.support.PathMatchingResourcePatternResolver - Looking for matching resources in jar file [file:/C:/Users/FWDuser/.m2/repository/mysql/mysql-connector-java/5.1.45/mysql-connector-java-5.1.45.jar]
09:48:21.827 [main] DEBUG org.springframework.core.io.support.PathMatchingResourcePatternResolver - Looking for matching resources in jar file [file:/C:/Users/FWDuser/.m2/repository/com/google/code/gson/gson/2.8.2/gson-2.8.2.jar]
09:48:21.840 [main] DEBUG org.springframework.core.io.support.PathMatchingResourcePatternResolver - Looking for matching resources in jar file [file:/C:/Users/FWDuser/.m2/repository/com/fasterxml/jackson/core/jackson-core/2.9.4/jackson-core-2.9.4.jar]
09:48:21.841 [main] DEBUG org.springframework.core.io.support.PathMatchingResourcePatternResolver - Looking for matching resources in jar file [file:/C:/Users/FWDuser/.m2/repository/com/fasterxml/jackson/core/jackson-databind/2.9.4/jackson-databind-2.9.4.jar]
09:48:21.845 [main] DEBUG org.springframework.core.io.support.PathMatchingResourcePatternResolver - Looking for matching resources in jar file [file:/C:/Users/FWDuser/.m2/repository/com/fasterxml/jackson/core/jackson-annotations/2.9.0/jackson-annotations-2.9.0.jar]
09:48:21.846 [main] DEBUG org.springframework.core.io.support.PathMatchingResourcePatternResolver - Looking for matching resources in jar file [file:/C:/Users/FWDuser/.m2/repository/com/fasterxml/jackson/datatype/jackson-datatype-joda/2.9.4/jackson-datatype-joda-2.9.4.jar]
09:48:21.855 [main] DEBUG org.springframework.core.io.support.PathMatchingResourcePatternResolver - Looking for matching resources in jar file [file:/C:/Users/FWDuser/.m2/repository/com/fasterxml/jackson/module/jackson-module-parameter-names/2.9.4/jackson-module-parameter-names-2.9.4.jar]
09:48:21.856 [main] DEBUG org.springframework.core.io.support.PathMatchingResourcePatternResolver - Looking for matching resources in jar file [file:/C:/Users/FWDuser/.m2/repository/com/alibaba/druid/1.0.11/druid-1.0.11.jar]
09:48:21.863 [main] DEBUG org.springframework.core.io.support.PathMatchingResourcePatternResolver - Looking for matching resources in jar file [file:/C:/Users/FWDuser/.m2/repository/com/github/pagehelper/pagehelper-spring-boot-autoconfigure/1.2.3/pagehelper-spring-boot-autoconfigure-1.2.3.jar]
09:48:21.865 [main] DEBUG org.springframework.core.io.support.PathMatchingResourcePatternResolver - Looking for matching resources in jar file [file:/C:/Users/FWDuser/.m2/repository/com/github/pagehelper/pagehelper/5.1.2/pagehelper-5.1.2.jar]
09:48:21.867 [main] DEBUG org.springframework.core.io.support.PathMatchingResourcePatternResolver - Looking for matching resources in jar file [file:/C:/Users/FWDuser/.m2/repository/com/alibaba/druid-spring-boot-starter/1.1.0/druid-spring-boot-starter-1.1.0.jar]
09:48:21.867 [main] DEBUG org.springframework.core.io.support.PathMatchingResourcePatternResolver - Resolved location pattern [classpath*:com/*.class] to resources []
]]></system-out>
  </testcase>
</testsuite>